Using pre-set license
Built from '2021.1/staging' branch; Version is '2021.1.7f1 (d91830b65d9b) revision 14227504'; Using compiler version '192528614'; Build Type 'Release'
OS: 'Windows 10 Home; OS build 19043.1288; Version 2009; 64bit' Language: 'de' Physical Memory: 16142 MB
BatchMode: 1, IsHumanControllingUs: 0, StartBugReporterOnCrash: 0, Is64bit: 1, IsPro: 0

 COMMAND LINE ARGUMENTS:
C:\Program Files\Unity\Hub\Editor\2021.1.7f1\Editor\Unity.exe
-adb2
-batchMode
-noUpm
-name
AssetImportWorker0
-projectPath
C:/GithubProjects/TicTakToeThijs
-logFile
Logs/AssetImportWorker0.log
-srvPort
62849
Successfully changed project path to: C:/GithubProjects/TicTakToeThijs
C:/GithubProjects/TicTakToeThijs
Using Asset Import Pipeline V2.
Refreshing native plugins compatible for Editor in 80.86 ms, found 2 plugins.
Preloading 0 native plugins for Editor in 0.00 ms.
Initialize engine version: 2021.1.7f1 (d91830b65d9b)
[Subsystems] Discovering subsystems at path C:/Program Files/Unity/Hub/Editor/2021.1.7f1/Editor/Data/Resources/UnitySubsystems
[Subsystems] Discovering subsystems at path C:/GithubProjects/TicTakToeThijs/Assets
GfxDevice: creating device client; threaded=0; jobified=0
Direct3D:
    Version:  Direct3D 11.0 [level 11.1]
    Renderer: NVIDIA GeForce RTX 2080 with Max-Q Design (ID=0x1e90)
    Vendor:   NVIDIA
    VRAM:     8010 MB
    Driver:   30.0.14.9649
Initialize mono
Mono path[0] = 'C:/Program Files/Unity/Hub/Editor/2021.1.7f1/Editor/Data/Managed'
Mono path[1] = 'C:/Program Files/Unity/Hub/Editor/2021.1.7f1/Editor/Data/MonoBleedingEdge/lib/mono/unityjit'
Mono config path = 'C:/Program Files/Unity/Hub/Editor/2021.1.7f1/Editor/Data/MonoBleedingEdge/etc'
Using monoOptions --debugger-agent=transport=dt_socket,embedding=1,server=y,suspend=n,address=127.0.0.1:56348
Begin MonoManager ReloadAssembly
Registering precompiled unity dll's ...
Register platform support module: C:/Program Files/Unity/Hub/Editor/2021.1.7f1/Editor/Data/PlaybackEngines/WebGLSupport/UnityEditor.WebGL.Extensions.dll
Register platform support module: C:/Program Files/Unity/Hub/Editor/2021.1.7f1/Editor/Data/PlaybackEngines/MacStandaloneSupport/UnityEditor.OSXStandalone.Extensions.dll
Register platform support module: C:/Program Files/Unity/Hub/Editor/2021.1.7f1/Editor/Data/PlaybackEngines/WindowsStandaloneSupport/UnityEditor.WindowsStandalone.Extensions.dll
Registered in 0.002534 seconds.
Native extension for WindowsStandalone target not found
Native extension for OSXStandalone target not found
Native extension for WebGL target not found
Refreshing native plugins compatible for Editor in 82.59 ms, found 2 plugins.
Preloading 0 native plugins for Editor in 0.00 ms.
Mono: successfully reloaded assembly
- Completed reload, in  1.069 seconds
Platform modules already initialized, skipping
Registering precompiled user dll's ...
Registered in 0.002359 seconds.
Begin MonoManager ReloadAssembly
Symbol file LoadedFromMemory doesn't match image C:\GithubProjects\TicTakToeThijs\Library\PackageCache\com.unity.visualscripting@1.6.1\Editor\VisualScripting.Core\Dependencies\YamlDotNet\Unity.VisualScripting.YamlDotNet.dll
Symbol file LoadedFromMemory doesn't match image C:\GithubProjects\TicTakToeThijs\Library\PackageCache\com.unity.visualscripting@1.6.1\Editor\VisualScripting.Core\Dependencies\DotNetZip\Unity.VisualScripting.IonicZip.dll
Native extension for WindowsStandalone target not found
Native extension for OSXStandalone target not found
Native extension for WebGL target not found
Refreshing native plugins compatible for Editor in 83.09 ms, found 2 plugins.
Preloading 0 native plugins for Editor in 0.00 ms.
Mono: successfully reloaded assembly
- Completed reload, in  1.042 seconds
Platform modules already initialized, skipping
========================================================================
Worker process is ready to serve import requests
Launched and connected shader compiler UnityShaderCompiler.exe after 0.04 seconds
Refreshing native plugins compatible for Editor in 0.66 ms, found 2 plugins.
Preloading 0 native plugins for Editor in 0.00 ms.
Unloading 3371 Unused Serialized files (Serialized files now loaded: 0)
System memory in use before: 128.0 MB.
System memory in use after: 128.0 MB.

Unloading 28 unused Assets to reduce memory usage. Loaded Objects now: 3826.
Total: 2.279100 ms (FindLiveObjects: 0.256600 ms CreateObjectMapping: 0.152700 ms MarkObjects: 1.773600 ms  DeleteObjects: 0.095400 ms)

========================================================================
Received Import Request.
  path: Assets/Scrips
  artifactKey: Guid(b74c772a130b0754d9b45800dd27fbdc) Importer(815301076,1909f56bfc062723c751e8b465ee728b)
Start importing Assets/Scrips using Guid(b74c772a130b0754d9b45800dd27fbdc) Importer(815301076,1909f56bfc062723c751e8b465ee728b)  -> (artifact id: '76b47ac2565ee7b6c10e1cc0460a8c4a') in 0.009009 seconds 
========================================================================
Received Import Request.
  Time since last request: 10.606643 seconds.
  path: Assets/Scripts
  artifactKey: Guid(b74c772a130b0754d9b45800dd27fbdc) Importer(815301076,1909f56bfc062723c751e8b465ee728b)
Start importing Assets/Scripts using Guid(b74c772a130b0754d9b45800dd27fbdc) Importer(815301076,1909f56bfc062723c751e8b465ee728b)  -> (artifact id: '51b38f2134c7e333eb005efb043e5c6c') in 0.007004 seconds 
========================================================================
Received Prepare
Registering precompiled user dll's ...
Registered in 0.003013 seconds.
Begin MonoManager ReloadAssembly
Symbol file LoadedFromMemory doesn't match image C:\GithubProjects\TicTakToeThijs\Library\PackageCache\com.unity.visualscripting@1.6.1\Editor\VisualScripting.Core\Dependencies\YamlDotNet\Unity.VisualScripting.YamlDotNet.dll
Symbol file LoadedFromMemory doesn't match image C:\GithubProjects\TicTakToeThijs\Library\PackageCache\com.unity.visualscripting@1.6.1\Editor\VisualScripting.Core\Dependencies\DotNetZip\Unity.VisualScripting.IonicZip.dll
Native extension for WindowsStandalone target not found
Native extension for OSXStandalone target not found
Native extension for WebGL target not found
Refreshing native plugins compatible for Editor in 2.77 ms, found 2 plugins.
Preloading 0 native plugins for Editor in 0.00 ms.
Mono: successfully reloaded assembly
- Completed reload, in  0.958 seconds
Platform modules already initialized, skipping
Refreshing native plugins compatible for Editor in 0.61 ms, found 2 plugins.
Preloading 0 native plugins for Editor in 0.00 ms.
Unloading 3367 Unused Serialized files (Serialized files now loaded: 0)
System memory in use before: 128.0 MB.
System memory in use after: 128.1 MB.

Unloading 16 unused Assets to reduce memory usage. Loaded Objects now: 3831.
Total: 2.329500 ms (FindLiveObjects: 0.263700 ms CreateObjectMapping: 0.145800 ms MarkObjects: 1.818900 ms  DeleteObjects: 0.100200 ms)

========================================================================
Received Import Request.
  Time since last request: 64.141940 seconds.
  path: Assets/Prefabs/GridSpace.prefab
  artifactKey: Guid(812b11b77432f1e47925021b1875493b) Importer(815301076,1909f56bfc062723c751e8b465ee728b)
Start importing Assets/Prefabs/GridSpace.prefab using Guid(812b11b77432f1e47925021b1875493b) Importer(815301076,1909f56bfc062723c751e8b465ee728b)  -> (artifact id: '1dd8085731f79ec9dcca18969e8f5e50') in 0.059668 seconds 
========================================================================
Received Import Request.
  Time since last request: 14.460832 seconds.
  path: Assets/Scripts/GridSpace.cs
  artifactKey: Guid(11f38d5136d16f0449a9f828c3650d28) Importer(815301076,1909f56bfc062723c751e8b465ee728b)
Start importing Assets/Scripts/GridSpace.cs using Guid(11f38d5136d16f0449a9f828c3650d28) Importer(815301076,1909f56bfc062723c751e8b465ee728b)  -> (artifact id: 'aeac192311464ee5954568bdbd7a080d') in 0.015168 seconds 
========================================================================
Received Prepare
Registering precompiled user dll's ...
Registered in 0.004869 seconds.
Begin MonoManager ReloadAssembly
Symbol file LoadedFromMemory doesn't match image C:\GithubProjects\TicTakToeThijs\Library\PackageCache\com.unity.visualscripting@1.6.1\Editor\VisualScripting.Core\Dependencies\YamlDotNet\Unity.VisualScripting.YamlDotNet.dll
Symbol file LoadedFromMemory doesn't match image C:\GithubProjects\TicTakToeThijs\Library\PackageCache\com.unity.visualscripting@1.6.1\Editor\VisualScripting.Core\Dependencies\DotNetZip\Unity.VisualScripting.IonicZip.dll
Native extension for WindowsStandalone target not found
Native extension for OSXStandalone target not found
Native extension for WebGL target not found
Refreshing native plugins compatible for Editor in 1.14 ms, found 2 plugins.
Preloading 0 native plugins for Editor in 0.00 ms.
Mono: successfully reloaded assembly
- Completed reload, in  1.253 seconds
Platform modules already initialized, skipping
Refreshing native plugins compatible for Editor in 0.64 ms, found 2 plugins.
Preloading 0 native plugins for Editor in 0.00 ms.
Unloading 3367 Unused Serialized files (Serialized files now loaded: 0)
System memory in use before: 128.1 MB.
System memory in use after: 128.2 MB.

Unloading 17 unused Assets to reduce memory usage. Loaded Objects now: 3837.
Total: 2.571800 ms (FindLiveObjects: 0.259000 ms CreateObjectMapping: 0.170200 ms MarkObjects: 2.041000 ms  DeleteObjects: 0.100300 ms)

========================================================================
Received Prepare
Registering precompiled user dll's ...
Registered in 0.002274 seconds.
Begin MonoManager ReloadAssembly
Symbol file LoadedFromMemory doesn't match image C:\GithubProjects\TicTakToeThijs\Library\PackageCache\com.unity.visualscripting@1.6.1\Editor\VisualScripting.Core\Dependencies\YamlDotNet\Unity.VisualScripting.YamlDotNet.dll
Symbol file LoadedFromMemory doesn't match image C:\GithubProjects\TicTakToeThijs\Library\PackageCache\com.unity.visualscripting@1.6.1\Editor\VisualScripting.Core\Dependencies\DotNetZip\Unity.VisualScripting.IonicZip.dll
Native extension for WindowsStandalone target not found
Native extension for OSXStandalone target not found
Native extension for WebGL target not found
Refreshing native plugins compatible for Editor in 0.55 ms, found 2 plugins.
Preloading 0 native plugins for Editor in 0.00 ms.
Mono: successfully reloaded assembly
- Completed reload, in  0.865 seconds
Platform modules already initialized, skipping
Refreshing native plugins compatible for Editor in 0.50 ms, found 2 plugins.
Preloading 0 native plugins for Editor in 0.00 ms.
Unloading 3367 Unused Serialized files (Serialized files now loaded: 0)
System memory in use before: 128.2 MB.
System memory in use after: 128.3 MB.

Unloading 16 unused Assets to reduce memory usage. Loaded Objects now: 3841.
Total: 2.176400 ms (FindLiveObjects: 0.212300 ms CreateObjectMapping: 0.108500 ms MarkObjects: 1.784300 ms  DeleteObjects: 0.070500 ms)

========================================================================
Received Import Request.
  Time since last request: 170.609543 seconds.
  path: Assets/Scripts/GridSpace.cs
  artifactKey: Guid(11f38d5136d16f0449a9f828c3650d28) Importer(815301076,1909f56bfc062723c751e8b465ee728b)
Start importing Assets/Scripts/GridSpace.cs using Guid(11f38d5136d16f0449a9f828c3650d28) Importer(815301076,1909f56bfc062723c751e8b465ee728b)  -> (artifact id: 'ff8ba42904685edfe6736fd22407f2b1') in 0.005166 seconds 
========================================================================
Received Prepare
Registering precompiled user dll's ...
Registered in 0.002436 seconds.
Begin MonoManager ReloadAssembly
Symbol file LoadedFromMemory doesn't match image C:\GithubProjects\TicTakToeThijs\Library\PackageCache\com.unity.visualscripting@1.6.1\Editor\VisualScripting.Core\Dependencies\YamlDotNet\Unity.VisualScripting.YamlDotNet.dll
Symbol file LoadedFromMemory doesn't match image C:\GithubProjects\TicTakToeThijs\Library\PackageCache\com.unity.visualscripting@1.6.1\Editor\VisualScripting.Core\Dependencies\DotNetZip\Unity.VisualScripting.IonicZip.dll
Native extension for WindowsStandalone target not found
Native extension for OSXStandalone target not found
Native extension for WebGL target not found
Refreshing native plugins compatible for Editor in 0.53 ms, found 2 plugins.
Preloading 0 native plugins for Editor in 0.00 ms.
Mono: successfully reloaded assembly
- Completed reload, in  0.823 seconds
Platform modules already initialized, skipping
Refreshing native plugins compatible for Editor in 0.51 ms, found 2 plugins.
Preloading 0 native plugins for Editor in 0.00 ms.
Unloading 3367 Unused Serialized files (Serialized files now loaded: 0)
System memory in use before: 128.1 MB.
System memory in use after: 128.2 MB.

Unloading 16 unused Assets to reduce memory usage. Loaded Objects now: 3845.
Total: 2.183400 ms (FindLiveObjects: 0.214300 ms CreateObjectMapping: 0.113000 ms MarkObjects: 1.783600 ms  DeleteObjects: 0.071800 ms)

========================================================================
Received Import Request.
  Time since last request: 133.426905 seconds.
  path: Assets/Scripts/GridSpace.cs
  artifactKey: Guid(11f38d5136d16f0449a9f828c3650d28) Importer(815301076,1909f56bfc062723c751e8b465ee728b)
Start importing Assets/Scripts/GridSpace.cs using Guid(11f38d5136d16f0449a9f828c3650d28) Importer(815301076,1909f56bfc062723c751e8b465ee728b)  -> (artifact id: '136bad92cfc99099d58068a819d19aaa') in 0.004664 seconds 
========================================================================
Received Import Request.
  Time since last request: 54.884137 seconds.
  path: Assets/Prefabs/GridSpace.prefab
  artifactKey: Guid(812b11b77432f1e47925021b1875493b) Importer(815301076,1909f56bfc062723c751e8b465ee728b)
Start importing Assets/Prefabs/GridSpace.prefab using Guid(812b11b77432f1e47925021b1875493b) Importer(815301076,1909f56bfc062723c751e8b465ee728b)  -> (artifact id: 'c5a61aab178f24a803e47022d55935ce') in 0.030480 seconds 
========================================================================
Received Import Request.
  Time since last request: 33.030923 seconds.
  path: Assets/Prefabs/GridSpace.prefab
  artifactKey: Guid(812b11b77432f1e47925021b1875493b) Importer(815301076,1909f56bfc062723c751e8b465ee728b)
Start importing Assets/Prefabs/GridSpace.prefab using Guid(812b11b77432f1e47925021b1875493b) Importer(815301076,1909f56bfc062723c751e8b465ee728b)  -> (artifact id: '784dfbeee5947c490812c80a317e9d15') in 0.003549 seconds 
========================================================================
Received Import Request.
  Time since last request: 3.035647 seconds.
  path: Assets/Prefabs/GridSpace.prefab
  artifactKey: Guid(812b11b77432f1e47925021b1875493b) Importer(815301076,1909f56bfc062723c751e8b465ee728b)
Start importing Assets/Prefabs/GridSpace.prefab using Guid(812b11b77432f1e47925021b1875493b) Importer(815301076,1909f56bfc062723c751e8b465ee728b)  -> (artifact id: 'e8f0293caa07845290407eb0491e17a8') in 0.003493 seconds 
========================================================================
Received Import Request.
  Time since last request: 13.206169 seconds.
  path: Assets/Prefabs/GridSpace.prefab
  artifactKey: Guid(812b11b77432f1e47925021b1875493b) Importer(815301076,1909f56bfc062723c751e8b465ee728b)
Start importing Assets/Prefabs/GridSpace.prefab using Guid(812b11b77432f1e47925021b1875493b) Importer(815301076,1909f56bfc062723c751e8b465ee728b)  -> (artifact id: '4c565aa3dd89bafc50d53e7b35fe4333') in 0.003305 seconds 
========================================================================
Received Prepare
Registering precompiled user dll's ...
Registered in 0.002390 seconds.
Begin MonoManager ReloadAssembly
Symbol file LoadedFromMemory doesn't match image C:\GithubProjects\TicTakToeThijs\Library\PackageCache\com.unity.visualscripting@1.6.1\Editor\VisualScripting.Core\Dependencies\YamlDotNet\Unity.VisualScripting.YamlDotNet.dll
Symbol file LoadedFromMemory doesn't match image C:\GithubProjects\TicTakToeThijs\Library\PackageCache\com.unity.visualscripting@1.6.1\Editor\VisualScripting.Core\Dependencies\DotNetZip\Unity.VisualScripting.IonicZip.dll
Native extension for WindowsStandalone target not found
Native extension for OSXStandalone target not found
Native extension for WebGL target not found
Refreshing native plugins compatible for Editor in 0.57 ms, found 2 plugins.
Preloading 0 native plugins for Editor in 0.00 ms.
Mono: successfully reloaded assembly
- Completed reload, in  0.846 seconds
Platform modules already initialized, skipping
Refreshing native plugins compatible for Editor in 0.53 ms, found 2 plugins.
Preloading 0 native plugins for Editor in 0.00 ms.
Unloading 3367 Unused Serialized files (Serialized files now loaded: 0)
System memory in use before: 128.2 MB.
System memory in use after: 128.3 MB.

Unloading 17 unused Assets to reduce memory usage. Loaded Objects now: 3849.
Total: 2.437900 ms (FindLiveObjects: 0.233900 ms CreateObjectMapping: 0.163000 ms MarkObjects: 1.962000 ms  DeleteObjects: 0.078100 ms)

AssetImportWorkerClient::OnTransportError - code=2 error=End of file
